[2013.06.26 22:58:19 (BotMain.java:27) TRACE] - server connected
[2013.06.26 22:59:02 (BotMain.java:27) TRACE] - server connected
[2013.06.26 23:00:10 (BotMain.java:27) TRACE] - server connected
[2013.06.26 23:00:27 (ClassParser.java:50) TRACE] - file类型的扫描
[2013.06.26 23:00:50 (BotMain.java:27) TRACE] - server connected
[2013.06.26 23:00:52 (ClassParser.java:50) TRACE] - file类型的扫描
[2013.06.26 23:02:17 (BotMain.java:27) TRACE] - server connected
[2013.06.26 23:02:20 (ClassParser.java:50) TRACE] - file类型的扫描
[2013.06.26 23:02:22 (CommandFactory.java:41) TRACE] - init command executor:C_LOGIN
[2013.06.26 23:02:22 (CommandFactory.java:41) TRACE] - init command executor:C_UDATAREQ
[2013.06.26 23:03:00 (BotMain.java:27) TRACE] - server connected
[2013.06.26 23:03:00 (ClassParser.java:50) TRACE] - parse classes from folder
[2013.06.26 23:03:00 (CommandFactory.java:41) TRACE] - init command executor:C_LOGIN
[2013.06.26 23:03:00 (CommandFactory.java:41) TRACE] - init command executor:C_UDATAREQ
[2013.06.28 19:32:00 (BotMain.java:30) TRACE] - server connected
[2013.06.28 19:32:00 (ClassParser.java:50) TRACE] - parse classes from folder
[2013.06.28 19:32:00 (CommandFactory.java:41) TRACE] - init command executor:S_LOGIN
[2013.06.28 19:32:00 (CommandFactory.java:41) TRACE] - init command executor:S_UDATAREQ
[2013.06.28 19:32:00 (BotContext.java:28) INFO] - do login, userId:100003075441353, sig:e6a29e1d5cd835eb2e558cd30c025d08
[2013.06.28 19:35:58 (BotMain.java:30) TRACE] - server connected
[2013.06.28 19:35:58 (ClassParser.java:50) TRACE] - parse classes from folder
[2013.06.28 19:35:58 (CommandFactory.java:41) TRACE] - init command executor:S_LOGIN
[2013.06.28 19:35:58 (CommandFactory.java:41) TRACE] - init command executor:S_UDATAREQ
[2013.06.28 19:35:58 (BotContext.java:28) INFO] - do login, userId:100003075441353, sig:e6a29e1d5cd835eb2e558cd30c025d08
[2013.06.28 19:44:55 (BotMain.java:44) INFO] - server connected, addr:www.easymode.com, port:8000
[2013.06.28 19:44:55 (ClassParser.java:50) TRACE] - parse classes from folder
[2013.06.28 19:44:55 (CommandFactory.java:42) TRACE] - init command executor:S_LOGIN
[2013.06.28 19:44:55 (CommandFactory.java:42) TRACE] - init command executor:S_UDATAREQ
[2013.06.28 19:44:55 (BotContext.java:30) INFO] - do login, userId:100003075441353, sig:e6a29e1d5cd835eb2e558cd30c025d08
[2013.06.28 19:46:13 (BotMain.java:44) INFO] - server connected, addr:www.easymode.com, port:8000
[2013.06.28 19:46:13 (ClassParser.java:50) TRACE] - parse classes from folder
[2013.06.28 19:46:13 (CommandFactory.java:42) TRACE] - init command executor:S_LOGIN
[2013.06.28 19:46:13 (CommandFactory.java:42) TRACE] - init command executor:S_UDATAREQ
[2013.06.28 19:46:13 (BotContext.java:30) INFO] - do login, userId:100003075441353, sig:e6a29e1d5cd835eb2e558cd30c025d08
[2013.06.28 19:47:39 (BotMain.java:44) INFO] - server connected, addr:www.easymode.com, port:8000
[2013.06.28 19:47:39 (ClassParser.java:50) TRACE] - parse classes from folder
[2013.06.28 19:47:39 (CommandFactory.java:42) TRACE] - init command executor:S_LOGIN
[2013.06.28 19:47:39 (CommandFactory.java:42) TRACE] - init command executor:S_UDATAREQ
[2013.06.28 19:47:39 (BotContext.java:30) INFO] - do login, userId:100003075441353, sig:e6a29e1d5cd835eb2e558cd30c025d08
[2013.06.28 19:56:50 (BotMain.java:45) INFO] - server connected, addr:www.easymode.com, port:8000
[2013.06.28 19:56:50 (ClassParser.java:50) TRACE] - parse classes from folder
[2013.06.28 19:56:50 (CommandFactory.java:42) TRACE] - init command executor:S_LOGIN
[2013.06.28 19:56:50 (CommandFactory.java:42) TRACE] - init command executor:S_UDATAREQ
[2013.06.28 19:56:50 (BotContext.java:30) INFO] - do login, userId:100003075441353, sig:e6a29e1d5cd835eb2e558cd30c025d08
[2013.06.28 19:58:03 (BotMain.java:45) INFO] - server connected, addr:www.easymode.com, port:8000
[2013.06.28 19:58:03 (ClassParser.java:50) TRACE] - parse classes from folder
[2013.06.28 19:58:03 (CommandFactory.java:42) TRACE] - init command executor:S_LOGIN
[2013.06.28 19:58:03 (CommandFactory.java:42) TRACE] - init command executor:S_UDATAREQ
[2013.06.28 19:58:03 (BotContext.java:30) INFO] - do login, userId:100003075441353, sig:e6a29e1d5cd835eb2e558cd30c025d08
[2013.06.28 19:59:25 (BotMain.java:45) INFO] - server connected, addr:www.easymode.com, port:8000
[2013.06.28 19:59:25 (ClassParser.java:50) TRACE] - parse classes from folder
[2013.06.28 19:59:25 (CommandFactory.java:42) TRACE] - init command executor:S_LOGIN
[2013.06.28 19:59:25 (CommandFactory.java:42) TRACE] - init command executor:S_UDATAREQ
[2013.06.28 19:59:25 (BotContext.java:30) INFO] - do login, userId:100003075441353, sig:e6a29e1d5cd835eb2e558cd30c025d08
[2013.06.28 19:59:28 (BotContext.java:41) INFO] - request user data
[2013.06.28 19:59:28 (CommandFactory.java:79) ERROR] - cannot find commander binder, cmd:1316
[2013.06.28 19:59:28 (S_UDATAREQ.java:19) INFO] - receive user data, json:{"res":1,"ship":[{"max_hp":3400,"enchant_lev":0,"part_b":0,"hp":3400,"model":200006,"cargo_deck":4,"range":400,"tier":1,"type":"M","part_e":0,"captain":27229,"id":200009,"critical":4.0,"order":0,"name":"다우","dealt_dam":0,"power":1762,"m_dam":234,"kills":0,"skill_id":0,"r_dam":286,"defense":45,"mp":19,"max_mp":19,"speed":127,"invisible":100,"art":531006,"part_s":0,"flag":"n","ship_id":1152909619,"enchant_exp":0.0,"part_m":0,"delay":20,"part_u":0,"part_t":0,"zf_time":1000},{"max_hp":3800,"enchant_lev":0,"part_b":0,"hp":3800,"model":200004,"cargo_deck":2,"range":375,"tier":1,"type":"E","part_e":0,"captain":100003075441353,"id":200007,"critical":15.5,"order":1,"name":"카라벨","dealt_dam":0,"power":1974,"m_dam":159,"kills":0,"skill_id":0,"r_dam":280,"defense":50,"mp":183,"max_mp":183,"speed":224,"invisible":100,"art":531004,"part_s":0,"flag":"y","ship_id":1152909614,"enchant_exp":0.0,"part_m":0,"delay":16,"part_u":0,"part_t":0,"zf_time":500}],"last_login_date":1372417075000,"missions":[{"is_new":true,"time":1371007448000,"expired":1924873200000,"complete":"n","issued":1371007448000,"tasks":[{"t_id":"560002_1","count":1,"pattern":"AI","p1":0,"cash":0}],"m_id":700053},{"is_new":true,"time":1371007307000,"expired":1924873200000,"complete":"n","issued":1371007307000,"tasks":[{"t_id":"145012","count":120003,"pattern":"A","p1":0,"cash":0}],"m_id":727006},{"is_new":true,"time":1370245218000,"expired":1924873200000,"complete":"y","issued":1370245218000,"m_id":739001},{"is_new":true,"time":1370245218000,"expired":1924873200000,"complete":"y","issued":1370245218000,"m_id":739002},{"is_new":true,"time":1370245218000,"expired":1924873200000,"complete":"n","issued":1370245218000,"tasks":[{"t_id":"990001","count":30000,"pattern":"T","p1":0,"cash":0}],"m_id":739003},{"is_new":true,"time":1370245218000,"expired":1924873200000,"complete":"n","issued":1370245218000,"tasks":[{"t_id":"0","count":10,"pattern":"AR","p1":5,"cash":0}],"m_id":739004},{"is_new":true,"time":1370245218000,"expired":1924873200000,"complete":"n","issued":1370245218000,"tasks":[{"t_id":"0","count":20,"pattern":"N","p1":7,"cash":0}],"m_id":739005}],"s_time":1372417160076,"reg_date":1353898101000,"version":"06282510","fleet":{"ew":"E009","victory":0,"ns":"N42","max_victory":0,"basepvp_win":7,"pos":"1239,1195","sell_count":0,"total_lose":0,"buy_count":0,"total_win":0,"whr":"sea","port_id":0,"basepvp_lose":0},"commander":{"skill_p1":0,"knowledge":165,"max_energy":39,"inven_slot":20,"xp":4817,"pc_slot":24,"ship_slot":2,"level":50,"sailing":20,"guild_srl":47,"name":"trnnn","combat":20,"user_id":100003075441353,"gold":12520,"license":0,"skill_p2":0,"skill_p3":0,"sp":60,"luck":22,"tutorial":1000,"required_xp":3193320,"country":111001,"max_sp":158,"portrait_id":797071,"cash":987223,"bonus_stat":0,"skill_b2":0,"skill_b1":260101,"ptime":313,"energy":39},"categorys":[{"fieldId":349101,"category":1}],"p_time":313,"baselist":[{"port_id":120003,"level":4,"manager":0,"defence_m":0,"product_m":0,"building_m":0,"crafting_m":0,"total_win":1,"total_lose":4,"p_time":0,"continuousLose":0,"protectStartTime":0,"protected":false}],"objects":[{"time":{"cool":0,"invisible":4},"effect":{"remove":0,"invisible":0,"create":0},"action":{"ai_pattern":{"sight_radius":0,"movement":0,"cognition":0,"destination":"0,0"},"stat":{"height":1,"speed":0,"width":1,"type":2,"y":19,"x":29}},"info":{"id":619990,"rate":0,"emblem":0,"fleet_id":120003,"mission":0,"invisible":100,"event":0,"object_id":17,"name":"","art":619990,"power":0,"type":4}},{"time":{"cool":0,"invisible":30},"effect":{"remove":2,"invisible":1,"create":1},"action":{"ai_pattern":{"sight_radius":0,"movement":1,"cognition":0,"destination":"0,0"},"stat":{"height":35,"speed":160,"width":71,"type":0,"y":26,"x":52}},"info":{"id":531006,"rate":2,"emblem":110201,"fleet_id":100003516928458,"mission":0,"invisible":100,"event":549999,"object_id":531006,"name":"wj","art":531006,"power":2255,"type":1}},{"time":{"cool":0,"invisible":4},"effect":{"remove":0,"invisible":0,"create":0},"action":{"ai_pattern":{"sight_radius":2000,"movement":0,"cognition":0,"destination":"0,0"},"stat":{"height":1,"speed":0,"width":1,"type":0,"y":10,"x":112}},"info":{"id":120002,"rate":0,"emblem":0,"fleet_id":0,"mission":0,"invisible":100,"event":0,"object_id":1,"name":"","art":120002,"power":0,"type":3}},{"time":{"cool":0,"invisible":4},"effect":{"remove":0,"invisible":0,"create":0},"action":{"ai_pattern":{"sight_radius":0,"movement":0,"cognition":0,"destination":"0,0"},"stat":{"height":1,"speed":0,"width":1,"type":2,"y":52,"x":24}},"info":{"id":619990,"rate":0,"emblem":0,"fleet_id":120003,"mission":0,"invisible":100,"event":0,"object_id":18,"name":"","art":619990,"power":0,"type":4}},{"time":{"cool":0,"invisible":30},"effect":{"remove":2,"invisible":1,"create":1},"action":{"ai_pattern":{"sight_radius":0,"movement":1,"cognition":0,"destination":"0,0"},"stat":{"height":47,"speed":110,"width":34,"type":0,"y":27,"x":82}},"info":{"id":532408,"rate":5,"emblem":110201,"fleet_id":100002026899366,"mission":0,"invisible":100,"event":549999,"object_id":532408,"name":"NANIM","art":532408,"power":398283,"type":1}},{"time":{"cool":0,"invisible":30},"effect":{"remove":2,"invisible":1,"create":1},"action":{"ai_pattern":{"sight_radius":12,"movement":1,"cognition":1,"destination":"0,0"},"stat":{"height":58,"speed":80,"width":55,"type":0,"y":15,"x":53}},"info":{"id":532009,"rate":1,"emblem":119001,"fleet_id":330002,"mission":0,"invisible":100,"event":550302,"object_id":107,"name":"","art":532009,"power":800,"type":1}},{"time":{"cool":0,"invisible":4},"effect":{"remove":0,"invisible":0,"create":0},"action":{"ai_pattern":{"sight_radius":0,"movement":0,"cognition":0,"destination":"0,0"},"stat":{"height":1,"speed":0,"width":1,"type":2,"y":39,"x":23}},"info":{"id":619990,"rate":0,"emblem":0,"fleet_id":120003,"mission":0,"invisible":100,"event":0,"object_id":14,"name":"","art":619990,"power":0,"type":4}},{"time":{"cool":0,"invisible":30},"effect":{"remove":2,"invisible":1,"create":1},"action":{"ai_pattern":{"sight_radius":12,"movement":1,"cognition":1,"destination":"0,0"},"stat":{"height":22,"speed":80,"width":80,"type":0,"y":48,"x":38}},"info":{"id":532009,"rate":1,"emblem":119001,"fleet_id":330002,"mission":0,"invisible":100,"event":550302,"object_id":105,"name":"","art":532009,"power":800,"type":1}},{"time":{"cool":0,"invisible":4},"effect":{"remove":0,"invisible":0,"create":0},"action":{"ai_pattern":{"sight_radius":0,"movement":0,"cognition":0,"destination":"0,0"},"stat":{"height":1,"speed":0,"width":1,"type":2,"y":28,"x":35}},"info":{"id":619990,"rate":0,"emblem":0,"fleet_id":120003,"mission":0,"invisible":100,"event":0,"object_id":15,"name":"","art":619990,"power":0,"type":4}}]}
[2013.06.28 19:59:28 (PrintStackTrace.java:14) ERROR] - Exception in thread "CommandFactory": org.codehaus.jackson.map.JsonMappingException
[2013.06.28 19:59:28 (PrintStackTrace.java:17) ERROR] - org.codehaus.jackson.map.JsonMappingException: Conflicting setter definitions for property "lastPos": common.struct.FleetBase#setLastPos(1 params) vs common.struct.FleetBase#setLastPos(1 params)
	at org.codehaus.jackson.map.deser.StdDeserializerProvider._createAndCache2(StdDeserializerProvider.java:346)
	at org.codehaus.jackson.map.deser.StdDeserializerProvider._createAndCacheValueDeserializer(StdDeserializerProvider.java:321)
	at org.codehaus.jackson.map.deser.StdDeserializerProvider.findValueDeserializer(StdDeserializerProvider.java:167)
	at org.codehaus.jackson.map.deser.std.StdDeserializer.findDeserializer(StdDeserializer.java:596)
	at org.codehaus.jackson.map.deser.BeanDeserializer.resolve(BeanDeserializer.java:379)
	at org.codehaus.jackson.map.deser.StdDeserializerProvider._resolveDeserializer(StdDeserializerProvider.java:438)
	at org.codehaus.jackson.map.deser.StdDeserializerProvider._createAndCache2(StdDeserializerProvider.java:383)
	at org.codehaus.jackson.map.deser.StdDeserializerProvider._createAndCacheValueDeserializer(StdDeserializerProvider.java:321)
	at org.codehaus.jackson.map.deser.StdDeserializerProvider.findValueDeserializer(StdDeserializerProvider.java:167)
	at org.codehaus.jackson.map.deser.StdDeserializerProvider.findTypedValueDeserializer(StdDeserializerProvider.java:188)
	at org.codehaus.jackson.map.ObjectMapper._findRootDeserializer(ObjectMapper.java:2820)
	at org.codehaus.jackson.map.ObjectMapper._readMapAndClose(ObjectMapper.java:2719)
	at org.codehaus.jackson.map.ObjectMapper.readValue(ObjectMapper.java:1854)
	at common.tools.JsonHelper.deserialize(JsonHelper.java:49)
	at command.impl.S_UDATAREQ.execute(S_UDATAREQ.java:20)
	at command.CommandFactory.run(CommandFactory.java:74)
	at java.lang.Thread.run(Unknown Source)
Caused by: java.lang.IllegalArgumentException: Conflicting setter definitions for property "lastPos": common.struct.FleetBase#setLastPos(1 params) vs common.struct.FleetBase#setLastPos(1 params)
	at org.codehaus.jackson.map.introspect.POJOPropertyBuilder.getSetter(POJOPropertyBuilder.java:194)
	at org.codehaus.jackson.map.deser.BeanDeserializerFactory.addBeanProps(BeanDeserializerFactory.java:1065)
	at org.codehaus.jackson.map.deser.BeanDeserializerFactory.buildBeanDeserializer(BeanDeserializerFactory.java:654)
	at org.codehaus.jackson.map.deser.BeanDeserializerFactory.createBeanDeserializer(BeanDeserializerFactory.java:583)
	at org.codehaus.jackson.map.deser.StdDeserializerProvider._createDeserializer(StdDeserializerProvider.java:432)
	at org.codehaus.jackson.map.deser.StdDeserializerProvider._createAndCache2(StdDeserializerProvider.java:341)
	... 16 more

[2013.06.28 19:59:28 (CommandFactory.java:79) ERROR] - cannot find commander binder, cmd:1315
[2013.06.28 19:59:28 (CommandFactory.java:79) ERROR] - cannot find commander binder, cmd:1313
[2013.06.28 19:59:28 (CommandFactory.java:79) ERROR] - cannot find commander binder, cmd:1314
[2013.06.28 19:59:28 (CommandFactory.java:79) ERROR] - cannot find commander binder, cmd:1812
[2013.06.28 19:59:28 (CommandFactory.java:79) ERROR] - cannot find commander binder, cmd:5301
[2013.06.28 19:59:28 (CommandFactory.java:79) ERROR] - cannot find commander binder, cmd:1355
[2013.06.28 19:59:29 (CommandFactory.java:79) ERROR] - cannot find commander binder, cmd:1623
[2013.06.28 19:59:33 (CommandFactory.java:79) ERROR] - cannot find commander binder, cmd:1310
[2013.06.28 20:03:02 (BotMain.java:45) INFO] - server connected, addr:www.easymode.com, port:8000
[2013.06.28 20:03:02 (ClassParser.java:50) TRACE] - parse classes from folder
[2013.06.28 20:03:02 (CommandFactory.java:42) TRACE] - init command executor:S_LOGIN
[2013.06.28 20:03:02 (CommandFactory.java:42) TRACE] - init command executor:S_UDATAREQ
[2013.06.28 20:03:02 (BotContext.java:30) INFO] - do login, userId:100003075441353, sig:e6a29e1d5cd835eb2e558cd30c025d08
[2013.06.28 20:03:03 (BotContext.java:41) INFO] - request user data
[2013.06.28 20:03:03 (CommandFactory.java:79) ERROR] - cannot find commander binder, cmd:1316
[2013.06.28 20:03:03 (S_UDATAREQ.java:19) INFO] - receive user data, json:{"res":1,"ship":[{"max_hp":3400,"enchant_lev":0,"part_b":0,"hp":3400,"model":200006,"cargo_deck":4,"range":400,"tier":1,"type":"M","part_e":0,"captain":27229,"id":200009,"critical":4.0,"order":0,"name":"다우","dealt_dam":0,"power":1762,"m_dam":234,"kills":0,"skill_id":0,"r_dam":286,"defense":45,"mp":19,"max_mp":19,"speed":127,"invisible":100,"art":531006,"part_s":0,"flag":"n","ship_id":1152909619,"enchant_exp":0.0,"part_m":0,"delay":20,"part_u":0,"part_t":0,"zf_time":1000},{"max_hp":3800,"enchant_lev":0,"part_b":0,"hp":3800,"model":200004,"cargo_deck":2,"range":375,"tier":1,"type":"E","part_e":0,"captain":100003075441353,"id":200007,"critical":15.5,"order":1,"name":"카라벨","dealt_dam":0,"power":1974,"m_dam":159,"kills":0,"skill_id":0,"r_dam":280,"defense":50,"mp":183,"max_mp":183,"speed":224,"invisible":100,"art":531004,"part_s":0,"flag":"y","ship_id":1152909614,"enchant_exp":0.0,"part_m":0,"delay":16,"part_u":0,"part_t":0,"zf_time":500}],"last_login_date":1372417157000,"missions":[{"is_new":true,"time":1371007448000,"expired":1924873200000,"complete":"n","issued":1371007448000,"tasks":[{"t_id":"560002_1","count":1,"pattern":"AI","p1":0,"cash":0}],"m_id":700053},{"is_new":true,"time":1371007307000,"expired":1924873200000,"complete":"n","issued":1371007307000,"tasks":[{"t_id":"145012","count":120003,"pattern":"A","p1":0,"cash":0}],"m_id":727006},{"is_new":true,"time":1370245218000,"expired":1924873200000,"complete":"y","issued":1370245218000,"m_id":739001},{"is_new":true,"time":1370245218000,"expired":1924873200000,"complete":"y","issued":1370245218000,"m_id":739002},{"is_new":true,"time":1370245218000,"expired":1924873200000,"complete":"n","issued":1370245218000,"tasks":[{"t_id":"990001","count":30000,"pattern":"T","p1":0,"cash":0}],"m_id":739003},{"is_new":true,"time":1370245218000,"expired":1924873200000,"complete":"n","issued":1370245218000,"tasks":[{"t_id":"0","count":10,"pattern":"AR","p1":5,"cash":0}],"m_id":739004},{"is_new":true,"time":1370245218000,"expired":1924873200000,"complete":"n","issued":1370245218000,"tasks":[{"t_id":"0","count":20,"pattern":"N","p1":7,"cash":0}],"m_id":739005}],"s_time":1372417374964,"reg_date":1353898101000,"version":"06282510","fleet":{"ew":"E009","victory":0,"ns":"N42","max_victory":0,"basepvp_win":7,"pos":"1239,1195","sell_count":0,"total_lose":0,"buy_count":0,"total_win":0,"whr":"sea","port_id":0,"basepvp_lose":0},"commander":{"skill_p1":0,"knowledge":165,"max_energy":39,"inven_slot":20,"xp":4817,"pc_slot":24,"ship_slot":2,"level":50,"sailing":20,"guild_srl":47,"name":"trnnn","combat":20,"user_id":100003075441353,"gold":12520,"license":0,"skill_p2":0,"skill_p3":0,"sp":60,"luck":22,"tutorial":1000,"required_xp":3193320,"country":111001,"max_sp":158,"portrait_id":797071,"cash":987223,"bonus_stat":0,"skill_b2":0,"skill_b1":260101,"ptime":313,"energy":39},"categorys":[{"fieldId":349101,"category":1}],"p_time":313,"baselist":[{"port_id":120003,"level":4,"manager":0,"defence_m":0,"product_m":0,"building_m":0,"crafting_m":0,"total_win":1,"total_lose":4,"p_time":0,"continuousLose":0,"protectStartTime":0,"protected":false}],"objects":[{"time":{"cool":0,"invisible":4},"effect":{"remove":0,"invisible":0,"create":0},"action":{"ai_pattern":{"sight_radius":0,"movement":0,"cognition":0,"destination":"0,0"},"stat":{"height":1,"speed":0,"width":1,"type":2,"y":19,"x":29}},"info":{"id":619990,"rate":0,"emblem":0,"fleet_id":120003,"mission":0,"invisible":100,"event":0,"object_id":17,"name":"","art":619990,"power":0,"type":4}},{"time":{"cool":0,"invisible":30},"effect":{"remove":2,"invisible":1,"create":1},"action":{"ai_pattern":{"sight_radius":0,"movement":1,"cognition":0,"destination":"0,0"},"stat":{"height":35,"speed":160,"width":71,"type":0,"y":26,"x":52}},"info":{"id":531006,"rate":2,"emblem":110201,"fleet_id":100003516928458,"mission":0,"invisible":100,"event":549999,"object_id":531006,"name":"wj","art":531006,"power":2255,"type":1}},{"time":{"cool":0,"invisible":4},"effect":{"remove":0,"invisible":0,"create":0},"action":{"ai_pattern":{"sight_radius":2000,"movement":0,"cognition":0,"destination":"0,0"},"stat":{"height":1,"speed":0,"width":1,"type":0,"y":10,"x":112}},"info":{"id":120002,"rate":0,"emblem":0,"fleet_id":0,"mission":0,"invisible":100,"event":0,"object_id":1,"name":"","art":120002,"power":0,"type":3}},{"time":{"cool":0,"invisible":4},"effect":{"remove":0,"invisible":0,"create":0},"action":{"ai_pattern":{"sight_radius":0,"movement":0,"cognition":0,"destination":"0,0"},"stat":{"height":1,"speed":0,"width":1,"type":2,"y":52,"x":24}},"info":{"id":619990,"rate":0,"emblem":0,"fleet_id":120003,"mission":0,"invisible":100,"event":0,"object_id":18,"name":"","art":619990,"power":0,"type":4}},{"time":{"cool":0,"invisible":30},"effect":{"remove":2,"invisible":1,"create":1},"action":{"ai_pattern":{"sight_radius":0,"movement":1,"cognition":0,"destination":"0,0"},"stat":{"height":47,"speed":110,"width":34,"type":0,"y":27,"x":82}},"info":{"id":532408,"rate":5,"emblem":110201,"fleet_id":100002026899366,"mission":0,"invisible":100,"event":549999,"object_id":532408,"name":"NANIM","art":532408,"power":398283,"type":1}},{"time":{"cool":0,"invisible":30},"effect":{"remove":2,"invisible":1,"create":1},"action":{"ai_pattern":{"sight_radius":0,"movement":1,"cognition":0,"destination":"0,0"},"stat":{"height":33,"speed":150,"width":53,"type":0,"y":41,"x":44}},"info":{"id":532006,"rate":4,"emblem":119001,"fleet_id":330014,"mission":0,"invisible":100,"event":550301,"object_id":23,"name":"","art":532006,"power":4224,"type":1}},{"time":{"cool":0,"invisible":30},"effect":{"remove":2,"invisible":1,"create":1},"action":{"ai_pattern":{"sight_radius":12,"movement":1,"cognition":1,"destination":"0,0"},"stat":{"height":58,"speed":80,"width":55,"type":0,"y":15,"x":53}},"info":{"id":532009,"rate":1,"emblem":119001,"fleet_id":330002,"mission":0,"invisible":100,"event":550302,"object_id":107,"name":"","art":532009,"power":800,"type":1}},{"time":{"cool":0,"invisible":4},"effect":{"remove":0,"invisible":0,"create":0},"action":{"ai_pattern":{"sight_radius":0,"movement":0,"cognition":0,"destination":"0,0"},"stat":{"height":1,"speed":0,"width":1,"type":2,"y":39,"x":23}},"info":{"id":619990,"rate":0,"emblem":0,"fleet_id":120003,"mission":0,"invisible":100,"event":0,"object_id":14,"name":"","art":619990,"power":0,"type":4}},{"time":{"cool":0,"invisible":30},"effect":{"remove":2,"invisible":1,"create":1},"action":{"ai_pattern":{"sight_radius":12,"movement":1,"cognition":1,"destination":"0,0"},"stat":{"height":22,"speed":80,"width":80,"type":0,"y":48,"x":38}},"info":{"id":532009,"rate":1,"emblem":119001,"fleet_id":330002,"mission":0,"invisible":100,"event":550302,"object_id":105,"name":"","art":532009,"power":800,"type":1}},{"time":{"cool":0,"invisible":4},"effect":{"remove":0,"invisible":0,"create":0},"action":{"ai_pattern":{"sight_radius":0,"movement":0,"cognition":0,"destination":"0,0"},"stat":{"height":1,"speed":0,"width":1,"type":2,"y":28,"x":35}},"info":{"id":619990,"rate":0,"emblem":0,"fleet_id":120003,"mission":0,"invisible":100,"event":0,"object_id":15,"name":"","art":619990,"power":0,"type":4}}]}
[2013.06.28 20:03:03 (PrintStackTrace.java:14) ERROR] - Exception in thread "CommandFactory": org.codehaus.jackson.map.JsonMappingException
[2013.06.28 20:03:03 (PrintStackTrace.java:17) ERROR] - org.codehaus.jackson.map.JsonMappingException: Conflicting setter definitions for property "lastPos": common.struct.FleetBase#setLastPos(1 params) vs common.struct.FleetBase#setLastPos(1 params)
	at org.codehaus.jackson.map.deser.StdDeserializerProvider._createAndCache2(StdDeserializerProvider.java:346)
	at org.codehaus.jackson.map.deser.StdDeserializerProvider._createAndCacheValueDeserializer(StdDeserializerProvider.java:321)
	at org.codehaus.jackson.map.deser.StdDeserializerProvider.findValueDeserializer(StdDeserializerProvider.java:167)
	at org.codehaus.jackson.map.deser.std.StdDeserializer.findDeserializer(StdDeserializer.java:596)
	at org.codehaus.jackson.map.deser.BeanDeserializer.resolve(BeanDeserializer.java:379)
	at org.codehaus.jackson.map.deser.StdDeserializerProvider._resolveDeserializer(StdDeserializerProvider.java:438)
	at org.codehaus.jackson.map.deser.StdDeserializerProvider._createAndCache2(StdDeserializerProvider.java:383)
	at org.codehaus.jackson.map.deser.StdDeserializerProvider._createAndCacheValueDeserializer(StdDeserializerProvider.java:321)
	at org.codehaus.jackson.map.deser.StdDeserializerProvider.findValueDeserializer(StdDeserializerProvider.java:167)
	at org.codehaus.jackson.map.deser.StdDeserializerProvider.findTypedValueDeserializer(StdDeserializerProvider.java:188)
	at org.codehaus.jackson.map.ObjectMapper._findRootDeserializer(ObjectMapper.java:2820)
	at org.codehaus.jackson.map.ObjectMapper._readMapAndClose(ObjectMapper.java:2719)
	at org.codehaus.jackson.map.ObjectMapper.readValue(ObjectMapper.java:1854)
	at common.tools.JsonHelper.deserialize(JsonHelper.java:49)
	at command.impl.S_UDATAREQ.execute(S_UDATAREQ.java:20)
	at command.CommandFactory.run(CommandFactory.java:74)
	at java.lang.Thread.run(Unknown Source)
Caused by: java.lang.IllegalArgumentException: Conflicting setter definitions for property "lastPos": common.struct.FleetBase#setLastPos(1 params) vs common.struct.FleetBase#setLastPos(1 params)
	at org.codehaus.jackson.map.introspect.POJOPropertyBuilder.getSetter(POJOPropertyBuilder.java:194)
	at org.codehaus.jackson.map.deser.BeanDeserializerFactory.addBeanProps(BeanDeserializerFactory.java:1065)
	at org.codehaus.jackson.map.deser.BeanDeserializerFactory.buildBeanDeserializer(BeanDeserializerFactory.java:654)
	at org.codehaus.jackson.map.deser.BeanDeserializerFactory.createBeanDeserializer(BeanDeserializerFactory.java:583)
	at org.codehaus.jackson.map.deser.StdDeserializerProvider._createDeserializer(StdDeserializerProvider.java:432)
	at org.codehaus.jackson.map.deser.StdDeserializerProvider._createAndCache2(StdDeserializerProvider.java:341)
	... 16 more

[2013.06.28 20:03:03 (CommandFactory.java:79) ERROR] - cannot find commander binder, cmd:1315
[2013.06.28 20:03:03 (CommandFactory.java:79) ERROR] - cannot find commander binder, cmd:1313
[2013.06.28 20:03:03 (CommandFactory.java:79) ERROR] - cannot find commander binder, cmd:1314
[2013.06.28 20:03:03 (CommandFactory.java:79) ERROR] - cannot find commander binder, cmd:1812
[2013.06.28 20:03:03 (CommandFactory.java:79) ERROR] - cannot find commander binder, cmd:5301
[2013.06.28 20:03:03 (CommandFactory.java:79) ERROR] - cannot find commander binder, cmd:1355
[2013.06.28 20:03:04 (CommandFactory.java:79) ERROR] - cannot find commander binder, cmd:1623
[2013.06.28 20:03:28 (CommandFactory.java:79) ERROR] - cannot find commander binder, cmd:1310
[2013.06.28 20:04:28 (CommandFactory.java:79) ERROR] - cannot find commander binder, cmd:1310
[2013.06.28 20:05:29 (CommandFactory.java:79) ERROR] - cannot find commander binder, cmd:1310
[2013.06.28 20:06:29 (CommandFactory.java:79) ERROR] - cannot find commander binder, cmd:1310
[2013.06.28 20:07:29 (CommandFactory.java:79) ERROR] - cannot find commander binder, cmd:1310
[2013.06.28 20:08:29 (CommandFactory.java:79) ERROR] - cannot find commander binder, cmd:1310
[2013.06.28 20:09:29 (CommandFactory.java:79) ERROR] - cannot find commander binder, cmd:1310
[2013.06.28 20:10:29 (CommandFactory.java:79) ERROR] - cannot find commander binder, cmd:1310
[2013.06.28 21:11:09 (BotMain.java:45) INFO] - server connected, addr:www.easymode.com, port:8000
[2013.06.28 21:11:09 (ClassParser.java:50) TRACE] - parse classes from folder
[2013.06.28 21:11:09 (CommandFactory.java:42) TRACE] - init command executor:S_LOGIN
[2013.06.28 21:11:09 (CommandFactory.java:42) TRACE] - init command executor:S_UDATAREQ
[2013.06.28 21:11:09 (BotContext.java:30) INFO] - do login, userId:100003075441353, sig:e6a29e1d5cd835eb2e558cd30c025d08
[2013.06.28 21:11:13 (BotContext.java:41) INFO] - request user data
[2013.06.28 21:11:13 (CommandFactory.java:79) ERROR] - cannot find commander binder, cmd:1316
[2013.06.28 21:11:13 (S_UDATAREQ.java:19) INFO] - receive user data, json:{"res":1,"ship":[{"max_hp":3400,"enchant_lev":0,"part_b":0,"hp":3400,"model":200006,"cargo_deck":4,"range":400,"tier":1,"type":"M","part_e":0,"captain":27229,"id":200009,"critical":4.0,"order":0,"name":"다우","dealt_dam":0,"power":1762,"m_dam":234,"kills":0,"skill_id":0,"r_dam":286,"defense":45,"mp":19,"max_mp":19,"speed":127,"invisible":100,"art":531006,"part_s":0,"flag":"n","ship_id":1152909619,"enchant_exp":0.0,"part_m":0,"delay":20,"part_u":0,"part_t":0,"zf_time":1000},{"max_hp":3800,"enchant_lev":0,"part_b":0,"hp":3800,"model":200004,"cargo_deck":2,"range":375,"tier":1,"type":"E","part_e":0,"captain":100003075441353,"id":200007,"critical":15.5,"order":1,"name":"카라벨","dealt_dam":0,"power":1974,"m_dam":159,"kills":0,"skill_id":0,"r_dam":280,"defense":50,"mp":183,"max_mp":183,"speed":224,"invisible":100,"art":531004,"part_s":0,"flag":"y","ship_id":1152909614,"enchant_exp":0.0,"part_m":0,"delay":16,"part_u":0,"part_t":0,"zf_time":500}],"last_login_date":1372417374000,"missions":[{"is_new":true,"time":1371007448000,"expired":1924873200000,"complete":"n","issued":1371007448000,"tasks":[{"t_id":"560002_1","count":1,"pattern":"AI","p1":0,"cash":0}],"m_id":700053},{"is_new":true,"time":1371007307000,"expired":1924873200000,"complete":"n","issued":1371007307000,"tasks":[{"t_id":"145012","count":120003,"pattern":"A","p1":0,"cash":0}],"m_id":727006},{"is_new":true,"time":1370245218000,"expired":1924873200000,"complete":"y","issued":1370245218000,"m_id":739001},{"is_new":true,"time":1370245218000,"expired":1924873200000,"complete":"y","issued":1370245218000,"m_id":739002},{"is_new":true,"time":1370245218000,"expired":1924873200000,"complete":"n","issued":1370245218000,"tasks":[{"t_id":"990001","count":30000,"pattern":"T","p1":0,"cash":0}],"m_id":739003},{"is_new":true,"time":1370245218000,"expired":1924873200000,"complete":"n","issued":1370245218000,"tasks":[{"t_id":"0","count":10,"pattern":"AR","p1":5,"cash":0}],"m_id":739004},{"is_new":true,"time":1370245218000,"expired":1924873200000,"complete":"n","issued":1370245218000,"tasks":[{"t_id":"0","count":20,"pattern":"N","p1":7,"cash":0}],"m_id":739005}],"s_time":1372421465430,"reg_date":1353898101000,"version":"06282510","fleet":{"ew":"E009","victory":0,"ns":"N42","max_victory":0,"basepvp_win":7,"pos":"1239,1195","sell_count":0,"total_lose":0,"buy_count":0,"total_win":0,"whr":"sea","port_id":0,"basepvp_lose":0},"commander":{"skill_p1":0,"knowledge":165,"max_energy":39,"inven_slot":20,"xp":4817,"pc_slot":24,"ship_slot":2,"level":50,"sailing":20,"guild_srl":47,"name":"trnnn","combat":20,"user_id":100003075441353,"gold":12520,"license":0,"skill_p2":0,"skill_p3":0,"sp":60,"luck":22,"tutorial":1000,"required_xp":3193320,"country":111001,"max_sp":158,"portrait_id":797071,"cash":987223,"bonus_stat":0,"skill_b2":0,"skill_b1":260101,"ptime":321,"energy":39},"categorys":[{"fieldId":349101,"category":1}],"p_time":321,"baselist":[{"port_id":120003,"level":4,"manager":0,"defence_m":0,"product_m":0,"building_m":0,"crafting_m":0,"total_win":1,"total_lose":4,"p_time":0,"continuousLose":0,"protectStartTime":0,"protected":false}],"objects":[{"time":{"cool":0,"invisible":4},"effect":{"remove":0,"invisible":0,"create":0},"action":{"ai_pattern":{"sight_radius":0,"movement":0,"cognition":0,"destination":"0,0"},"stat":{"height":1,"speed":0,"width":1,"type":2,"y":19,"x":29}},"info":{"id":619990,"rate":0,"emblem":0,"fleet_id":120003,"mission":0,"invisible":100,"event":0,"object_id":17,"name":"","art":619990,"power":0,"type":4}},{"time":{"cool":0,"invisible":4},"effect":{"remove":0,"invisible":0,"create":0},"action":{"ai_pattern":{"sight_radius":2000,"movement":0,"cognition":0,"destination":"0,0"},"stat":{"height":1,"speed":0,"width":1,"type":0,"y":10,"x":112}},"info":{"id":120002,"rate":0,"emblem":0,"fleet_id":0,"mission":0,"invisible":100,"event":0,"object_id":1,"name":"","art":120002,"power":0,"type":3}},{"time":{"cool":0,"invisible":4},"effect":{"remove":0,"invisible":0,"create":0},"action":{"ai_pattern":{"sight_radius":0,"movement":0,"cognition":0,"destination":"0,0"},"stat":{"height":1,"speed":0,"width":1,"type":2,"y":52,"x":24}},"info":{"id":619990,"rate":0,"emblem":0,"fleet_id":120003,"mission":0,"invisible":100,"event":0,"object_id":18,"name":"","art":619990,"power":0,"type":4}},{"time":{"cool":0,"invisible":30},"effect":{"remove":2,"invisible":1,"create":1},"action":{"ai_pattern":{"sight_radius":0,"movement":1,"cognition":0,"destination":"0,0"},"stat":{"height":47,"speed":110,"width":34,"type":0,"y":27,"x":82}},"info":{"id":532008,"rate":5,"emblem":119001,"fleet_id":345012,"mission":0,"invisible":100,"event":550302,"object_id":22,"name":"","art":532008,"power":7938,"type":1}},{"time":{"cool":0,"invisible":4},"effect":{"remove":0,"invisible":0,"create":0},"action":{"ai_pattern":{"sight_radius":0,"movement":0,"cognition":0,"destination":"0,0"},"stat":{"height":46,"speed":0,"width":57,"type":0,"y":23,"x":57}},"info":{"id":530002,"rate":0,"emblem":0,"fleet_id":550354,"mission":0,"invisible":100,"event":550354,"object_id":9,"name":"","art":530002,"power":0,"type":0}},{"time":{"cool":0,"invisible":30},"effect":{"remove":0,"invisible":1,"create":1},"action":{"ai_pattern":{"sight_radius":0,"movement":0,"cognition":0,"destination":"0,0"},"stat":{"height":36,"speed":0,"width":44,"type":0,"y":19,"x":59}},"info":{"id":530004,"rate":0,"emblem":0,"fleet_id":0,"mission":0,"invisible":100,"event":550064,"object_id":109,"name":"","art":530004,"power":0,"type":0}},{"time":{"cool":0,"invisible":30},"effect":{"remove":2,"invisible":1,"create":1},"action":{"ai_pattern":{"sight_radius":0,"movement":1,"cognition":0,"destination":"0,0"},"stat":{"height":21,"speed":140,"width":83,"type":0,"y":37,"x":43}},"info":{"id":532013,"rate":0,"emblem":119001,"fleet_id":330007,"mission":0,"invisible":100,"event":550301,"object_id":104,"name":"","art":532013,"power":360,"type":1}},{"time":{"cool":0,"invisible":4},"effect":{"remove":0,"invisible":0,"create":0},"action":{"ai_pattern":{"sight_radius":0,"movement":0,"cognition":0,"destination":"0,0"},"stat":{"height":1,"speed":0,"width":1,"type":2,"y":39,"x":23}},"info":{"id":619990,"rate":0,"emblem":0,"fleet_id":120003,"mission":0,"invisible":100,"event":0,"object_id":14,"name":"","art":619990,"power":0,"type":4}},{"time":{"cool":0,"invisible":4},"effect":{"remove":0,"invisible":0,"create":0},"action":{"ai_pattern":{"sight_radius":0,"movement":0,"cognition":0,"destination":"0,0"},"stat":{"height":1,"speed":0,"width":1,"type":2,"y":28,"x":35}},"info":{"id":619990,"rate":0,"emblem":0,"fleet_id":120003,"mission":0,"invisible":100,"event":0,"object_id":15,"name":"","art":619990,"power":0,"type":4}}]}
[2013.06.28 21:11:13 (PrintStackTrace.java:14) ERROR] - Exception in thread "CommandFactory": org.codehaus.jackson.map.exc.UnrecognizedPropertyException
[2013.06.28 21:11:13 (PrintStackTrace.java:17) ERROR] - org.codehaus.jackson.map.exc.UnrecognizedPropertyException: Unrecognized field "res" (Class common.struct.UserBase), not marked as ignorable
 at [Source: java.io.StringReader@3445265a; line: 1, column: 9] (through reference chain: common.struct.UserBase["res"])
	at org.codehaus.jackson.map.exc.UnrecognizedPropertyException.from(UnrecognizedPropertyException.java:53)
	at org.codehaus.jackson.map.deser.StdDeserializationContext.unknownFieldException(StdDeserializationContext.java:267)
	at org.codehaus.jackson.map.deser.std.StdDeserializer.reportUnknownProperty(StdDeserializer.java:649)
	at org.codehaus.jackson.map.deser.std.StdDeserializer.handleUnknownProperty(StdDeserializer.java:635)
	at org.codehaus.jackson.map.deser.BeanDeserializer.handleUnknownProperty(BeanDeserializer.java:1355)
	at org.codehaus.jackson.map.deser.BeanDeserializer.deserializeFromObject(BeanDeserializer.java:717)
	at org.codehaus.jackson.map.deser.BeanDeserializer.deserialize(BeanDeserializer.java:580)
	at org.codehaus.jackson.map.ObjectMapper._readMapAndClose(ObjectMapper.java:2723)
	at org.codehaus.jackson.map.ObjectMapper.readValue(ObjectMapper.java:1854)
	at common.tools.JsonHelper.deserialize(JsonHelper.java:49)
	at command.impl.S_UDATAREQ.execute(S_UDATAREQ.java:20)
	at command.CommandFactory.run(CommandFactory.java:74)
	at java.lang.Thread.run(Unknown Source)

[2013.06.28 21:11:13 (CommandFactory.java:79) ERROR] - cannot find commander binder, cmd:1315
[2013.06.28 21:11:13 (CommandFactory.java:79) ERROR] - cannot find commander binder, cmd:1313
[2013.06.28 21:11:13 (CommandFactory.java:79) ERROR] - cannot find commander binder, cmd:1314
[2013.06.28 21:11:13 (CommandFactory.java:79) ERROR] - cannot find commander binder, cmd:1812
[2013.06.28 21:11:13 (CommandFactory.java:79) ERROR] - cannot find commander binder, cmd:5301
[2013.06.28 21:11:13 (CommandFactory.java:79) ERROR] - cannot find commander binder, cmd:1355
[2013.06.28 21:11:14 (CommandFactory.java:79) ERROR] - cannot find commander binder, cmd:1623
[2013.06.28 21:11:39 (BotMain.java:45) INFO] - server connected, addr:www.easymode.com, port:8000
[2013.06.28 21:11:39 (ClassParser.java:50) TRACE] - parse classes from folder
[2013.06.28 21:11:39 (CommandFactory.java:42) TRACE] - init command executor:S_LOGIN
[2013.06.28 21:11:39 (CommandFactory.java:42) TRACE] - init command executor:S_UDATAREQ
[2013.06.28 21:11:39 (BotContext.java:30) INFO] - do login, userId:100003075441353, sig:e6a29e1d5cd835eb2e558cd30c025d08
[2013.06.28 21:11:39 (BotContext.java:41) INFO] - request user data
[2013.06.28 21:11:39 (CommandFactory.java:79) ERROR] - cannot find commander binder, cmd:1316
[2013.06.28 21:11:39 (S_UDATAREQ.java:19) INFO] - receive user data, json:{"res":1,"ship":[{"max_hp":3400,"enchant_lev":0,"part_b":0,"hp":3400,"model":200006,"cargo_deck":4,"range":400,"tier":1,"type":"M","part_e":0,"captain":27229,"id":200009,"critical":4.0,"order":0,"name":"다우","dealt_dam":0,"power":1762,"m_dam":234,"kills":0,"skill_id":0,"r_dam":286,"defense":45,"mp":19,"max_mp":19,"speed":127,"invisible":100,"art":531006,"part_s":0,"flag":"n","ship_id":1152909619,"enchant_exp":0.0,"part_m":0,"delay":20,"part_u":0,"part_t":0,"zf_time":1000},{"max_hp":3800,"enchant_lev":0,"part_b":0,"hp":3800,"model":200004,"cargo_deck":2,"range":375,"tier":1,"type":"E","part_e":0,"captain":100003075441353,"id":200007,"critical":15.5,"order":1,"name":"카라벨","dealt_dam":0,"power":1974,"m_dam":159,"kills":0,"skill_id":0,"r_dam":280,"defense":50,"mp":183,"max_mp":183,"speed":224,"invisible":100,"art":531004,"part_s":0,"flag":"y","ship_id":1152909614,"enchant_exp":0.0,"part_m":0,"delay":16,"part_u":0,"part_t":0,"zf_time":500}],"last_login_date":1372421461000,"missions":[{"is_new":true,"time":1371007448000,"expired":1924873200000,"complete":"n","issued":1371007448000,"tasks":[{"t_id":"560002_1","count":1,"pattern":"AI","p1":0,"cash":0}],"m_id":700053},{"is_new":true,"time":1371007307000,"expired":1924873200000,"complete":"n","issued":1371007307000,"tasks":[{"t_id":"145012","count":120003,"pattern":"A","p1":0,"cash":0}],"m_id":727006},{"is_new":true,"time":1370245218000,"expired":1924873200000,"complete":"y","issued":1370245218000,"m_id":739001},{"is_new":true,"time":1370245218000,"expired":1924873200000,"complete":"y","issued":1370245218000,"m_id":739002},{"is_new":true,"time":1370245218000,"expired":1924873200000,"complete":"n","issued":1370245218000,"tasks":[{"t_id":"990001","count":30000,"pattern":"T","p1":0,"cash":0}],"m_id":739003},{"is_new":true,"time":1370245218000,"expired":1924873200000,"complete":"n","issued":1370245218000,"tasks":[{"t_id":"0","count":10,"pattern":"AR","p1":5,"cash":0}],"m_id":739004},{"is_new":true,"time":1370245218000,"expired":1924873200000,"complete":"n","issued":1370245218000,"tasks":[{"t_id":"0","count":20,"pattern":"N","p1":7,"cash":0}],"m_id":739005}],"s_time":1372421491326,"reg_date":1353898101000,"version":"06282510","fleet":{"ew":"E009","victory":0,"ns":"N42","max_victory":0,"basepvp_win":7,"pos":"1239,1195","sell_count":0,"total_lose":0,"buy_count":0,"total_win":0,"whr":"sea","port_id":0,"basepvp_lose":0},"commander":{"skill_p1":0,"knowledge":165,"max_energy":39,"inven_slot":20,"xp":4817,"pc_slot":24,"ship_slot":2,"level":50,"sailing":20,"guild_srl":47,"name":"trnnn","combat":20,"user_id":100003075441353,"gold":12520,"license":0,"skill_p2":0,"skill_p3":0,"sp":60,"luck":22,"tutorial":1000,"required_xp":3193320,"country":111001,"max_sp":158,"portrait_id":797071,"cash":987223,"bonus_stat":0,"skill_b2":0,"skill_b1":260101,"ptime":321,"energy":39},"categorys":[{"fieldId":349101,"category":1}],"p_time":321,"baselist":[{"port_id":120003,"level":4,"manager":0,"defence_m":0,"product_m":0,"building_m":0,"crafting_m":0,"total_win":1,"total_lose":4,"p_time":0,"continuousLose":0,"protectStartTime":0,"protected":false}],"objects":[{"time":{"cool":0,"invisible":4},"effect":{"remove":0,"invisible":0,"create":0},"action":{"ai_pattern":{"sight_radius":0,"movement":0,"cognition":0,"destination":"0,0"},"stat":{"height":1,"speed":0,"width":1,"type":2,"y":19,"x":29}},"info":{"id":619990,"rate":0,"emblem":0,"fleet_id":120003,"mission":0,"invisible":100,"event":0,"object_id":17,"name":"","art":619990,"power":0,"type":4}},{"time":{"cool":0,"invisible":4},"effect":{"remove":0,"invisible":0,"create":0},"action":{"ai_pattern":{"sight_radius":2000,"movement":0,"cognition":0,"destination":"0,0"},"stat":{"height":1,"speed":0,"width":1,"type":0,"y":10,"x":112}},"info":{"id":120002,"rate":0,"emblem":0,"fleet_id":0,"mission":0,"invisible":100,"event":0,"object_id":1,"name":"","art":120002,"power":0,"type":3}},{"time":{"cool":0,"invisible":4},"effect":{"remove":0,"invisible":0,"create":0},"action":{"ai_pattern":{"sight_radius":0,"movement":0,"cognition":0,"destination":"0,0"},"stat":{"height":1,"speed":0,"width":1,"type":2,"y":52,"x":24}},"info":{"id":619990,"rate":0,"emblem":0,"fleet_id":120003,"mission":0,"invisible":100,"event":0,"object_id":18,"name":"","art":619990,"power":0,"type":4}},{"time":{"cool":0,"invisible":30},"effect":{"remove":2,"invisible":1,"create":1},"action":{"ai_pattern":{"sight_radius":0,"movement":1,"cognition":0,"destination":"0,0"},"stat":{"height":33,"speed":150,"width":53,"type":0,"y":41,"x":44}},"info":{"id":532006,"rate":4,"emblem":119001,"fleet_id":330014,"mission":0,"invisible":100,"event":550301,"object_id":23,"name":"","art":532006,"power":4224,"type":1}},{"time":{"cool":0,"invisible":30},"effect":{"remove":2,"invisible":1,"create":1},"action":{"ai_pattern":{"sight_radius":0,"movement":1,"cognition":0,"destination":"0,0"},"stat":{"height":47,"speed":110,"width":34,"type":0,"y":27,"x":82}},"info":{"id":532008,"rate":5,"emblem":119001,"fleet_id":345012,"mission":0,"invisible":100,"event":550302,"object_id":22,"name":"","art":532008,"power":7938,"type":1}},{"time":{"cool":0,"invisible":4},"effect":{"remove":0,"invisible":0,"create":0},"action":{"ai_pattern":{"sight_radius":0,"movement":0,"cognition":0,"destination":"0,0"},"stat":{"height":46,"speed":0,"width":57,"type":0,"y":23,"x":57}},"info":{"id":530002,"rate":0,"emblem":0,"fleet_id":550354,"mission":0,"invisible":100,"event":550354,"object_id":9,"name":"","art":530002,"power":0,"type":0}},{"time":{"cool":0,"invisible":30},"effect":{"remove":0,"invisible":1,"create":1},"action":{"ai_pattern":{"sight_radius":0,"movement":0,"cognition":0,"destination":"0,0"},"stat":{"height":36,"speed":0,"width":44,"type":0,"y":19,"x":59}},"info":{"id":530004,"rate":0,"emblem":0,"fleet_id":0,"mission":0,"invisible":100,"event":550064,"object_id":109,"name":"","art":530004,"power":0,"type":0}},{"time":{"cool":0,"invisible":30},"effect":{"remove":2,"invisible":1,"create":1},"action":{"ai_pattern":{"sight_radius":0,"movement":1,"cognition":0,"destination":"0,0"},"stat":{"height":21,"speed":140,"width":83,"type":0,"y":37,"x":43}},"info":{"id":532013,"rate":0,"emblem":119001,"fleet_id":330007,"mission":0,"invisible":100,"event":550301,"object_id":104,"name":"","art":532013,"power":360,"type":1}},{"time":{"cool":0,"invisible":4},"effect":{"remove":0,"invisible":0,"create":0},"action":{"ai_pattern":{"sight_radius":0,"movement":0,"cognition":0,"destination":"0,0"},"stat":{"height":1,"speed":0,"width":1,"type":2,"y":39,"x":23}},"info":{"id":619990,"rate":0,"emblem":0,"fleet_id":120003,"mission":0,"invisible":100,"event":0,"object_id":14,"name":"","art":619990,"power":0,"type":4}},{"time":{"cool":0,"invisible":4},"effect":{"remove":0,"invisible":0,"create":0},"action":{"ai_pattern":{"sight_radius":0,"movement":0,"cognition":0,"destination":"0,0"},"stat":{"height":1,"speed":0,"width":1,"type":2,"y":28,"x":35}},"info":{"id":619990,"rate":0,"emblem":0,"fleet_id":120003,"mission":0,"invisible":100,"event":0,"object_id":15,"name":"","art":619990,"power":0,"type":4}}]}
[2013.06.28 21:11:39 (PrintStackTrace.java:14) ERROR] - Exception in thread "CommandFactory": org.codehaus.jackson.map.exc.UnrecognizedPropertyException
[2013.06.28 21:11:39 (PrintStackTrace.java:17) ERROR] - org.codehaus.jackson.map.exc.UnrecognizedPropertyException: Unrecognized field "sell_count" (Class common.struct.FleetBase), not marked as ignorable
 at [Source: java.io.StringReader@1c1eba31; line: 1, column: 2308] (through reference chain: common.struct.UserBase["fleet"]->common.struct.FleetBase["sell_count"])
	at org.codehaus.jackson.map.exc.UnrecognizedPropertyException.from(UnrecognizedPropertyException.java:53)
	at org.codehaus.jackson.map.deser.StdDeserializationContext.unknownFieldException(StdDeserializationContext.java:267)
	at org.codehaus.jackson.map.deser.std.StdDeserializer.reportUnknownProperty(StdDeserializer.java:649)
	at org.codehaus.jackson.map.deser.std.StdDeserializer.handleUnknownProperty(StdDeserializer.java:635)
	at org.codehaus.jackson.map.deser.BeanDeserializer.handleUnknownProperty(BeanDeserializer.java:1355)
	at org.codehaus.jackson.map.deser.BeanDeserializer.deserializeFromObject(BeanDeserializer.java:717)
	at org.codehaus.jackson.map.deser.BeanDeserializer.deserialize(BeanDeserializer.java:580)
	at org.codehaus.jackson.map.deser.SettableBeanProperty.deserialize(SettableBeanProperty.java:299)
	at org.codehaus.jackson.map.deser.SettableBeanProperty$MethodProperty.deserializeAndSet(SettableBeanProperty.java:414)
	at org.codehaus.jackson.map.deser.BeanDeserializer.deserializeFromObject(BeanDeserializer.java:697)
	at org.codehaus.jackson.map.deser.BeanDeserializer.deserialize(BeanDeserializer.java:580)
	at org.codehaus.jackson.map.ObjectMapper._readMapAndClose(ObjectMapper.java:2723)
	at org.codehaus.jackson.map.ObjectMapper.readValue(ObjectMapper.java:1854)
	at common.tools.JsonHelper.deserialize(JsonHelper.java:49)
	at command.impl.S_UDATAREQ.execute(S_UDATAREQ.java:20)
	at command.CommandFactory.run(CommandFactory.java:74)
	at java.lang.Thread.run(Unknown Source)

[2013.06.28 21:11:39 (CommandFactory.java:79) ERROR] - cannot find commander binder, cmd:1315
[2013.06.28 21:11:39 (CommandFactory.java:79) ERROR] - cannot find commander binder, cmd:1313
[2013.06.28 21:11:39 (CommandFactory.java:79) ERROR] - cannot find commander binder, cmd:1314
[2013.06.28 21:11:39 (CommandFactory.java:79) ERROR] - cannot find commander binder, cmd:1812
[2013.06.28 21:11:39 (CommandFactory.java:79) ERROR] - cannot find commander binder, cmd:5301
[2013.06.28 21:11:40 (CommandFactory.java:79) ERROR] - cannot find commander binder, cmd:1355
[2013.06.28 21:11:41 (CommandFactory.java:79) ERROR] - cannot find commander binder, cmd:1623
[2013.06.28 21:12:26 (BotMain.java:45) INFO] - server connected, addr:www.easymode.com, port:8000
[2013.06.28 21:12:26 (ClassParser.java:50) TRACE] - parse classes from folder
[2013.06.28 21:12:26 (CommandFactory.java:42) TRACE] - init command executor:S_LOGIN
[2013.06.28 21:12:26 (CommandFactory.java:42) TRACE] - init command executor:S_UDATAREQ
[2013.06.28 21:12:26 (BotContext.java:30) INFO] - do login, userId:100003075441353, sig:e6a29e1d5cd835eb2e558cd30c025d08
[2013.06.28 21:12:26 (BotContext.java:41) INFO] - request user data
[2013.06.28 21:12:26 (CommandFactory.java:79) ERROR] - cannot find commander binder, cmd:1316
[2013.06.28 21:12:26 (S_UDATAREQ.java:19) INFO] - receive user data, json:{"res":1,"ship":[{"max_hp":3400,"enchant_lev":0,"part_b":0,"hp":3400,"model":200006,"cargo_deck":4,"range":400,"tier":1,"type":"M","part_e":0,"captain":27229,"id":200009,"critical":4.0,"order":0,"name":"다우","dealt_dam":0,"power":1762,"m_dam":234,"kills":0,"skill_id":0,"r_dam":286,"defense":45,"mp":19,"max_mp":19,"speed":127,"invisible":100,"art":531006,"part_s":0,"flag":"n","ship_id":1152909619,"enchant_exp":0.0,"part_m":0,"delay":20,"part_u":0,"part_t":0,"zf_time":1000},{"max_hp":3800,"enchant_lev":0,"part_b":0,"hp":3800,"model":200004,"cargo_deck":2,"range":375,"tier":1,"type":"E","part_e":0,"captain":100003075441353,"id":200007,"critical":15.5,"order":1,"name":"카라벨","dealt_dam":0,"power":1974,"m_dam":159,"kills":0,"skill_id":0,"r_dam":280,"defense":50,"mp":183,"max_mp":183,"speed":224,"invisible":100,"art":531004,"part_s":0,"flag":"y","ship_id":1152909614,"enchant_exp":0.0,"part_m":0,"delay":16,"part_u":0,"part_t":0,"zf_time":500}],"last_login_date":1372421491000,"missions":[{"is_new":true,"time":1371007448000,"expired":1924873200000,"complete":"n","issued":1371007448000,"tasks":[{"t_id":"560002_1","count":1,"pattern":"AI","p1":0,"cash":0}],"m_id":700053},{"is_new":true,"time":1371007307000,"expired":1924873200000,"complete":"n","issued":1371007307000,"tasks":[{"t_id":"145012","count":120003,"pattern":"A","p1":0,"cash":0}],"m_id":727006},{"is_new":true,"time":1370245218000,"expired":1924873200000,"complete":"y","issued":1370245218000,"m_id":739001},{"is_new":true,"time":1370245218000,"expired":1924873200000,"complete":"y","issued":1370245218000,"m_id":739002},{"is_new":true,"time":1370245218000,"expired":1924873200000,"complete":"n","issued":1370245218000,"tasks":[{"t_id":"990001","count":30000,"pattern":"T","p1":0,"cash":0}],"m_id":739003},{"is_new":true,"time":1370245218000,"expired":1924873200000,"complete":"n","issued":1370245218000,"tasks":[{"t_id":"0","count":10,"pattern":"AR","p1":5,"cash":0}],"m_id":739004},{"is_new":true,"time":1370245218000,"expired":1924873200000,"complete":"n","issued":1370245218000,"tasks":[{"t_id":"0","count":20,"pattern":"N","p1":7,"cash":0}],"m_id":739005}],"s_time":1372421538452,"reg_date":1353898101000,"version":"06282510","fleet":{"ew":"E009","victory":0,"ns":"N42","max_victory":0,"basepvp_win":7,"pos":"1239,1195","sell_count":0,"total_lose":0,"buy_count":0,"total_win":0,"whr":"sea","port_id":0,"basepvp_lose":0},"commander":{"skill_p1":0,"knowledge":165,"max_energy":39,"inven_slot":20,"xp":4817,"pc_slot":24,"ship_slot":2,"level":50,"sailing":20,"guild_srl":47,"name":"trnnn","combat":20,"user_id":100003075441353,"gold":12520,"license":0,"skill_p2":0,"skill_p3":0,"sp":60,"luck":22,"tutorial":1000,"required_xp":3193320,"country":111001,"max_sp":158,"portrait_id":797071,"cash":987223,"bonus_stat":0,"skill_b2":0,"skill_b1":260101,"ptime":321,"energy":39},"categorys":[{"fieldId":349101,"category":1}],"p_time":321,"baselist":[{"port_id":120003,"level":4,"manager":0,"defence_m":0,"product_m":0,"building_m":0,"crafting_m":0,"total_win":1,"total_lose":4,"p_time":0,"continuousLose":0,"protectStartTime":0,"protected":false}],"objects":[{"time":{"cool":0,"invisible":4},"effect":{"remove":0,"invisible":0,"create":0},"action":{"ai_pattern":{"sight_radius":0,"movement":0,"cognition":0,"destination":"0,0"},"stat":{"height":1,"speed":0,"width":1,"type":2,"y":19,"x":29}},"info":{"id":619990,"rate":0,"emblem":0,"fleet_id":120003,"mission":0,"invisible":100,"event":0,"object_id":17,"name":"","art":619990,"power":0,"type":4}},{"time":{"cool":0,"invisible":4},"effect":{"remove":0,"invisible":0,"create":0},"action":{"ai_pattern":{"sight_radius":2000,"movement":0,"cognition":0,"destination":"0,0"},"stat":{"height":1,"speed":0,"width":1,"type":0,"y":10,"x":112}},"info":{"id":120002,"rate":0,"emblem":0,"fleet_id":0,"mission":0,"invisible":100,"event":0,"object_id":1,"name":"","art":120002,"power":0,"type":3}},{"time":{"cool":0,"invisible":4},"effect":{"remove":0,"invisible":0,"create":0},"action":{"ai_pattern":{"sight_radius":0,"movement":0,"cognition":0,"destination":"0,0"},"stat":{"height":1,"speed":0,"width":1,"type":2,"y":52,"x":24}},"info":{"id":619990,"rate":0,"emblem":0,"fleet_id":120003,"mission":0,"invisible":100,"event":0,"object_id":18,"name":"","art":619990,"power":0,"type":4}},{"time":{"cool":0,"invisible":30},"effect":{"remove":2,"invisible":1,"create":1},"action":{"ai_pattern":{"sight_radius":0,"movement":1,"cognition":0,"destination":"0,0"},"stat":{"height":33,"speed":150,"width":53,"type":0,"y":41,"x":44}},"info":{"id":532006,"rate":4,"emblem":119001,"fleet_id":330014,"mission":0,"invisible":100,"event":550301,"object_id":23,"name":"","art":532006,"power":4224,"type":1}},{"time":{"cool":0,"invisible":30},"effect":{"remove":2,"invisible":1,"create":1},"action":{"ai_pattern":{"sight_radius":0,"movement":1,"cognition":0,"destination":"0,0"},"stat":{"height":47,"speed":110,"width":34,"type":0,"y":27,"x":82}},"info":{"id":532008,"rate":5,"emblem":119001,"fleet_id":345012,"mission":0,"invisible":100,"event":550302,"object_id":22,"name":"","art":532008,"power":7938,"type":1}},{"time":{"cool":0,"invisible":4},"effect":{"remove":0,"invisible":0,"create":0},"action":{"ai_pattern":{"sight_radius":0,"movement":0,"cognition":0,"destination":"0,0"},"stat":{"height":46,"speed":0,"width":55,"type":0,"y":21,"x":58}},"info":{"id":530008,"rate":0,"emblem":0,"fleet_id":550358,"mission":0,"invisible":100,"event":550358,"object_id":8,"name":"","art":530008,"power":0,"type":0}},{"time":{"cool":0,"invisible":4},"effect":{"remove":0,"invisible":0,"create":0},"action":{"ai_pattern":{"sight_radius":0,"movement":0,"cognition":0,"destination":"0,0"},"stat":{"height":46,"speed":0,"width":57,"type":0,"y":23,"x":57}},"info":{"id":530002,"rate":0,"emblem":0,"fleet_id":550354,"mission":0,"invisible":100,"event":550354,"object_id":9,"name":"","art":530002,"power":0,"type":0}},{"time":{"cool":0,"invisible":30},"effect":{"remove":0,"invisible":1,"create":1},"action":{"ai_pattern":{"sight_radius":0,"movement":0,"cognition":0,"destination":"0,0"},"stat":{"height":36,"speed":0,"width":44,"type":0,"y":19,"x":59}},"info":{"id":530004,"rate":0,"emblem":0,"fleet_id":0,"mission":0,"invisible":100,"event":550064,"object_id":109,"name":"","art":530004,"power":0,"type":0}},{"time":{"cool":0,"invisible":30},"effect":{"remove":2,"invisible":1,"create":1},"action":{"ai_pattern":{"sight_radius":0,"movement":1,"cognition":0,"destination":"0,0"},"stat":{"height":21,"speed":140,"width":83,"type":0,"y":37,"x":43}},"info":{"id":532013,"rate":0,"emblem":119001,"fleet_id":330007,"mission":0,"invisible":100,"event":550301,"object_id":104,"name":"","art":532013,"power":360,"type":1}},{"time":{"cool":0,"invisible":4},"effect":{"remove":0,"invisible":0,"create":0},"action":{"ai_pattern":{"sight_radius":0,"movement":0,"cognition":0,"destination":"0,0"},"stat":{"height":1,"speed":0,"width":1,"type":2,"y":39,"x":23}},"info":{"id":619990,"rate":0,"emblem":0,"fleet_id":120003,"mission":0,"invisible":100,"event":0,"object_id":14,"name":"","art":619990,"power":0,"type":4}},{"time":{"cool":0,"invisible":4},"effect":{"remove":0,"invisible":0,"create":0},"action":{"ai_pattern":{"sight_radius":0,"movement":0,"cognition":0,"destination":"0,0"},"stat":{"height":1,"speed":0,"width":1,"type":2,"y":28,"x":35}},"info":{"id":619990,"rate":0,"emblem":0,"fleet_id":120003,"mission":0,"invisible":100,"event":0,"object_id":15,"name":"","art":619990,"power":0,"type":4}}]}
[2013.06.28 21:12:26 (CommandFactory.java:79) ERROR] - cannot find commander binder, cmd:1315
[2013.06.28 21:12:26 (CommandFactory.java:79) ERROR] - cannot find commander binder, cmd:1313
[2013.06.28 21:12:26 (CommandFactory.java:79) ERROR] - cannot find commander binder, cmd:1314
[2013.06.28 21:12:26 (CommandFactory.java:79) ERROR] - cannot find commander binder, cmd:1812
[2013.06.28 21:12:26 (CommandFactory.java:79) ERROR] - cannot find commander binder, cmd:5301
[2013.06.28 21:12:27 (CommandFactory.java:79) ERROR] - cannot find commander binder, cmd:1355
[2013.06.28 21:12:28 (CommandFactory.java:79) ERROR] - cannot find commander binder, cmd:1623
[2013.06.28 21:13:15 (CommandFactory.java:79) ERROR] - cannot find commander binder, cmd:1310
[2013.06.28 21:15:12 (BotMain.java:45) INFO] - server connected, addr:www.easymode.com, port:8000
[2013.06.28 21:15:12 (ClassParser.java:50) TRACE] - parse classes from folder
[2013.06.28 21:15:12 (CommandFactory.java:42) TRACE] - init command executor:S_LOGIN
[2013.06.28 21:15:12 (CommandFactory.java:42) TRACE] - init command executor:S_UDATAREQ
[2013.06.28 21:15:12 (BotContext.java:32) INFO] - do login, userId:100003075441353, sig:e6a29e1d5cd835eb2e558cd30c025d08
[2013.06.28 21:15:12 (BotContext.java:43) INFO] - request user data
[2013.06.28 21:15:12 (CommandFactory.java:79) ERROR] - cannot find commander binder, cmd:1316
[2013.06.28 21:15:12 (S_UDATAREQ.java:21) INFO] - receive user data, json:{"res":1,"ship":[{"max_hp":3400,"enchant_lev":0,"part_b":0,"hp":3400,"model":200006,"cargo_deck":4,"range":400,"tier":1,"type":"M","part_e":0,"captain":27229,"id":200009,"critical":4.0,"order":0,"name":"다우","dealt_dam":0,"power":1762,"m_dam":234,"kills":0,"skill_id":0,"r_dam":286,"defense":45,"mp":19,"max_mp":19,"speed":127,"invisible":100,"art":531006,"part_s":0,"flag":"n","ship_id":1152909619,"enchant_exp":0.0,"part_m":0,"delay":20,"part_u":0,"part_t":0,"zf_time":1000},{"max_hp":3800,"enchant_lev":0,"part_b":0,"hp":3800,"model":200004,"cargo_deck":2,"range":375,"tier":1,"type":"E","part_e":0,"captain":100003075441353,"id":200007,"critical":15.5,"order":1,"name":"카라벨","dealt_dam":0,"power":1974,"m_dam":159,"kills":0,"skill_id":0,"r_dam":280,"defense":50,"mp":183,"max_mp":183,"speed":224,"invisible":100,"art":531004,"part_s":0,"flag":"y","ship_id":1152909614,"enchant_exp":0.0,"part_m":0,"delay":16,"part_u":0,"part_t":0,"zf_time":500}],"last_login_date":1372421538000,"missions":[{"is_new":true,"time":1371007448000,"expired":1924873200000,"complete":"n","issued":1371007448000,"tasks":[{"t_id":"560002_1","count":1,"pattern":"AI","p1":0,"cash":0}],"m_id":700053},{"is_new":true,"time":1371007307000,"expired":1924873200000,"complete":"n","issued":1371007307000,"tasks":[{"t_id":"145012","count":120003,"pattern":"A","p1":0,"cash":0}],"m_id":727006},{"is_new":true,"time":1370245218000,"expired":1924873200000,"complete":"y","issued":1370245218000,"m_id":739001},{"is_new":true,"time":1370245218000,"expired":1924873200000,"complete":"y","issued":1370245218000,"m_id":739002},{"is_new":true,"time":1370245218000,"expired":1924873200000,"complete":"n","issued":1370245218000,"tasks":[{"t_id":"990001","count":30000,"pattern":"T","p1":0,"cash":0}],"m_id":739003},{"is_new":true,"time":1370245218000,"expired":1924873200000,"complete":"n","issued":1370245218000,"tasks":[{"t_id":"0","count":10,"pattern":"AR","p1":5,"cash":0}],"m_id":739004},{"is_new":true,"time":1370245218000,"expired":1924873200000,"complete":"n","issued":1370245218000,"tasks":[{"t_id":"0","count":20,"pattern":"N","p1":7,"cash":0}],"m_id":739005}],"s_time":1372421704661,"reg_date":1353898101000,"version":"06282510","fleet":{"ew":"E009","victory":0,"ns":"N42","max_victory":0,"basepvp_win":7,"pos":"1239,1195","sell_count":0,"total_lose":0,"buy_count":0,"total_win":0,"whr":"sea","port_id":0,"basepvp_lose":0},"commander":{"skill_p1":0,"knowledge":165,"max_energy":39,"inven_slot":20,"xp":4817,"pc_slot":24,"ship_slot":2,"level":50,"sailing":20,"guild_srl":47,"name":"trnnn","combat":20,"user_id":100003075441353,"gold":12520,"license":0,"skill_p2":0,"skill_p3":0,"sp":60,"luck":22,"tutorial":1000,"required_xp":3193320,"country":111001,"max_sp":158,"portrait_id":797071,"cash":987223,"bonus_stat":0,"skill_b2":0,"skill_b1":260101,"ptime":321,"energy":39},"categorys":[{"fieldId":349101,"category":1}],"p_time":321,"baselist":[{"port_id":120003,"level":4,"manager":0,"defence_m":0,"product_m":0,"building_m":0,"crafting_m":0,"total_win":1,"total_lose":4,"p_time":0,"continuousLose":0,"protectStartTime":0,"protected":false}],"objects":[{"time":{"cool":0,"invisible":4},"effect":{"remove":0,"invisible":0,"create":0},"action":{"ai_pattern":{"sight_radius":0,"movement":0,"cognition":0,"destination":"0,0"},"stat":{"height":1,"speed":0,"width":1,"type":2,"y":19,"x":29}},"info":{"id":619990,"rate":0,"emblem":0,"fleet_id":120003,"mission":0,"invisible":100,"event":0,"object_id":17,"name":"","art":619990,"power":0,"type":4}},{"time":{"cool":0,"invisible":4},"effect":{"remove":0,"invisible":0,"create":0},"action":{"ai_pattern":{"sight_radius":2000,"movement":0,"cognition":0,"destination":"0,0"},"stat":{"height":1,"speed":0,"width":1,"type":0,"y":10,"x":112}},"info":{"id":120002,"rate":0,"emblem":0,"fleet_id":0,"mission":0,"invisible":100,"event":0,"object_id":1,"name":"","art":120002,"power":0,"type":3}},{"time":{"cool":0,"invisible":4},"effect":{"remove":0,"invisible":0,"create":0},"action":{"ai_pattern":{"sight_radius":0,"movement":0,"cognition":0,"destination":"0,0"},"stat":{"height":1,"speed":0,"width":1,"type":2,"y":52,"x":24}},"info":{"id":619990,"rate":0,"emblem":0,"fleet_id":120003,"mission":0,"invisible":100,"event":0,"object_id":18,"name":"","art":619990,"power":0,"type":4}},{"time":{"cool":0,"invisible":30},"effect":{"remove":2,"invisible":1,"create":1},"action":{"ai_pattern":{"sight_radius":0,"movement":1,"cognition":0,"destination":"0,0"},"stat":{"height":33,"speed":150,"width":53,"type":0,"y":41,"x":44}},"info":{"id":532006,"rate":4,"emblem":119001,"fleet_id":330014,"mission":0,"invisible":100,"event":550301,"object_id":23,"name":"","art":532006,"power":4224,"type":1}},{"time":{"cool":0,"invisible":30},"effect":{"remove":2,"invisible":1,"create":1},"action":{"ai_pattern":{"sight_radius":0,"movement":1,"cognition":0,"destination":"0,0"},"stat":{"height":47,"speed":110,"width":34,"type":0,"y":27,"x":82}},"info":{"id":532008,"rate":5,"emblem":119001,"fleet_id":345012,"mission":0,"invisible":100,"event":550302,"object_id":22,"name":"","art":532008,"power":7938,"type":1}},{"time":{"cool":0,"invisible":4},"effect":{"remove":0,"invisible":0,"create":0},"action":{"ai_pattern":{"sight_radius":0,"movement":0,"cognition":0,"destination":"0,0"},"stat":{"height":46,"speed":0,"width":55,"type":0,"y":21,"x":58}},"info":{"id":530008,"rate":0,"emblem":0,"fleet_id":550358,"mission":0,"invisible":100,"event":550358,"object_id":8,"name":"","art":530008,"power":0,"type":0}},{"time":{"cool":0,"invisible":4},"effect":{"remove":0,"invisible":0,"create":0},"action":{"ai_pattern":{"sight_radius":0,"movement":0,"cognition":0,"destination":"0,0"},"stat":{"height":46,"speed":0,"width":57,"type":0,"y":23,"x":57}},"info":{"id":530002,"rate":0,"emblem":0,"fleet_id":550354,"mission":0,"invisible":100,"event":550354,"object_id":9,"name":"","art":530002,"power":0,"type":0}},{"time":{"cool":0,"invisible":30},"effect":{"remove":0,"invisible":1,"create":1},"action":{"ai_pattern":{"sight_radius":0,"movement":0,"cognition":0,"destination":"0,0"},"stat":{"height":36,"speed":0,"width":44,"type":0,"y":19,"x":59}},"info":{"id":530004,"rate":0,"emblem":0,"fleet_id":0,"mission":0,"invisible":100,"event":550064,"object_id":109,"name":"","art":530004,"power":0,"type":0}},{"time":{"cool":0,"invisible":30},"effect":{"remove":2,"invisible":1,"create":1},"action":{"ai_pattern":{"sight_radius":0,"movement":1,"cognition":0,"destination":"0,0"},"stat":{"height":21,"speed":140,"width":83,"type":0,"y":37,"x":43}},"info":{"id":532013,"rate":0,"emblem":119001,"fleet_id":330007,"mission":0,"invisible":100,"event":550301,"object_id":104,"name":"","art":532013,"power":360,"type":1}},{"time":{"cool":0,"invisible":4},"effect":{"remove":0,"invisible":0,"create":0},"action":{"ai_pattern":{"sight_radius":0,"movement":0,"cognition":0,"destination":"0,0"},"stat":{"height":1,"speed":0,"width":1,"type":2,"y":39,"x":23}},"info":{"id":619990,"rate":0,"emblem":0,"fleet_id":120003,"mission":0,"invisible":100,"event":0,"object_id":14,"name":"","art":619990,"power":0,"type":4}},{"time":{"cool":0,"invisible":4},"effect":{"remove":0,"invisible":0,"create":0},"action":{"ai_pattern":{"sight_radius":0,"movement":0,"cognition":0,"destination":"0,0"},"stat":{"height":1,"speed":0,"width":1,"type":2,"y":28,"x":35}},"info":{"id":619990,"rate":0,"emblem":0,"fleet_id":120003,"mission":0,"invisible":100,"event":0,"object_id":15,"name":"","art":619990,"power":0,"type":4}}]}
[2013.06.28 21:22:28 (CommandFactory.java:79) ERROR] - cannot find commander binder, cmd:1315
[2013.06.28 21:22:28 (CommandFactory.java:79) ERROR] - cannot find commander binder, cmd:1313
[2013.06.28 21:22:28 (CommandFactory.java:79) ERROR] - cannot find commander binder, cmd:1314
[2013.06.28 21:22:28 (CommandFactory.java:79) ERROR] - cannot find commander binder, cmd:1812
[2013.06.28 21:22:28 (CommandFactory.java:79) ERROR] - cannot find commander binder, cmd:5301
[2013.06.28 21:22:28 (CommandFactory.java:79) ERROR] - cannot find commander binder, cmd:1355
[2013.06.28 21:22:28 (CommandFactory.java:79) ERROR] - cannot find commander binder, cmd:1623
[2013.06.28 21:22:28 (CommandFactory.java:79) ERROR] - cannot find commander binder, cmd:1310
[2013.06.28 21:22:28 (CommandFactory.java:79) ERROR] - cannot find commander binder, cmd:1310
[2013.06.28 21:22:28 (CommandFactory.java:79) ERROR] - cannot find commander binder, cmd:1310
[2013.06.28 21:22:28 (CommandFactory.java:79) ERROR] - cannot find commander binder, cmd:1310
[2013.06.28 21:22:28 (CommandFactory.java:79) ERROR] - cannot find commander binder, cmd:1310
[2013.06.28 21:22:28 (CommandFactory.java:79) ERROR] - cannot find commander binder, cmd:1310
[2013.06.28 21:22:28 (CommandFactory.java:79) ERROR] - cannot find commander binder, cmd:1310
[2013.06.28 21:22:32 (BotMain.java:45) INFO] - server connected, addr:www.easymode.com, port:8000
[2013.06.28 21:22:32 (ClassParser.java:50) TRACE] - parse classes from folder
[2013.06.28 21:22:32 (CommandFactory.java:42) TRACE] - init command executor:S_PING
[2013.06.28 21:22:32 (CommandFactory.java:42) TRACE] - init command executor:S_LOGIN
[2013.06.28 21:22:32 (CommandFactory.java:42) TRACE] - init command executor:S_UDATAREQ
[2013.06.28 21:22:32 (CommandFactory.java:42) TRACE] - init command executor:S_UPDATE_COMMANDER
[2013.06.28 21:22:32 (BotContext.java:32) INFO] - do login, userId:100003075441353, sig:e6a29e1d5cd835eb2e558cd30c025d08
[2013.06.28 21:22:33 (BotContext.java:43) INFO] - request user data
[2013.06.28 21:22:33 (CommandFactory.java:79) ERROR] - cannot find commander binder, cmd:1316
[2013.06.28 21:22:33 (S_UDATAREQ.java:21) INFO] - receive user data, json:{"res":1,"ship":[{"max_hp":3400,"enchant_lev":0,"part_b":0,"hp":3400,"model":200006,"cargo_deck":4,"range":400,"tier":1,"type":"M","part_e":0,"captain":27229,"id":200009,"critical":4.0,"order":0,"name":"다우","dealt_dam":0,"power":1762,"m_dam":234,"kills":0,"skill_id":0,"r_dam":286,"defense":45,"mp":19,"max_mp":19,"speed":127,"invisible":100,"art":531006,"part_s":0,"flag":"n","ship_id":1152909619,"enchant_exp":0.0,"part_m":0,"delay":20,"part_u":0,"part_t":0,"zf_time":1000},{"max_hp":3800,"enchant_lev":0,"part_b":0,"hp":3800,"model":200004,"cargo_deck":2,"range":375,"tier":1,"type":"E","part_e":0,"captain":100003075441353,"id":200007,"critical":15.5,"order":1,"name":"카라벨","dealt_dam":0,"power":1974,"m_dam":159,"kills":0,"skill_id":0,"r_dam":280,"defense":50,"mp":183,"max_mp":183,"speed":224,"invisible":100,"art":531004,"part_s":0,"flag":"y","ship_id":1152909614,"enchant_exp":0.0,"part_m":0,"delay":16,"part_u":0,"part_t":0,"zf_time":500}],"last_login_date":1372421704000,"missions":[{"is_new":true,"time":1371007448000,"expired":1924873200000,"complete":"n","issued":1371007448000,"tasks":[{"t_id":"560002_1","count":1,"pattern":"AI","p1":0,"cash":0}],"m_id":700053},{"is_new":true,"time":1371007307000,"expired":1924873200000,"complete":"n","issued":1371007307000,"tasks":[{"t_id":"145012","count":120003,"pattern":"A","p1":0,"cash":0}],"m_id":727006},{"is_new":true,"time":1370245218000,"expired":1924873200000,"complete":"y","issued":1370245218000,"m_id":739001},{"is_new":true,"time":1370245218000,"expired":1924873200000,"complete":"y","issued":1370245218000,"m_id":739002},{"is_new":true,"time":1370245218000,"expired":1924873200000,"complete":"n","issued":1370245218000,"tasks":[{"t_id":"990001","count":30000,"pattern":"T","p1":0,"cash":0}],"m_id":739003},{"is_new":true,"time":1370245218000,"expired":1924873200000,"complete":"n","issued":1370245218000,"tasks":[{"t_id":"0","count":10,"pattern":"AR","p1":5,"cash":0}],"m_id":739004},{"is_new":true,"time":1370245218000,"expired":1924873200000,"complete":"n","issued":1370245218000,"tasks":[{"t_id":"0","count":20,"pattern":"N","p1":7,"cash":0}],"m_id":739005}],"s_time":1372422144850,"reg_date":1353898101000,"version":"06282510","fleet":{"ew":"E009","victory":0,"ns":"N42","max_victory":0,"basepvp_win":7,"pos":"1239,1195","sell_count":0,"total_lose":0,"buy_count":0,"total_win":0,"whr":"sea","port_id":0,"basepvp_lose":0},"commander":{"skill_p1":0,"knowledge":165,"max_energy":39,"inven_slot":20,"xp":4817,"pc_slot":24,"ship_slot":2,"level":50,"sailing":20,"guild_srl":47,"name":"trnnn","combat":20,"user_id":100003075441353,"gold":12520,"license":0,"skill_p2":0,"skill_p3":0,"sp":60,"luck":22,"tutorial":1000,"required_xp":3193320,"country":111001,"max_sp":158,"portrait_id":797071,"cash":987223,"bonus_stat":0,"skill_b2":0,"skill_b1":260101,"ptime":328,"energy":39},"categorys":[{"fieldId":349101,"category":1}],"p_time":328,"baselist":[{"port_id":120003,"level":4,"manager":0,"defence_m":0,"product_m":0,"building_m":0,"crafting_m":0,"total_win":1,"total_lose":4,"p_time":0,"continuousLose":0,"protectStartTime":0,"protected":false}],"objects":[{"time":{"cool":0,"invisible":4},"effect":{"remove":0,"invisible":0,"create":0},"action":{"ai_pattern":{"sight_radius":0,"movement":0,"cognition":0,"destination":"0,0"},"stat":{"height":1,"speed":0,"width":1,"type":2,"y":19,"x":29}},"info":{"id":619990,"rate":0,"emblem":0,"fleet_id":120003,"mission":0,"invisible":100,"event":0,"object_id":17,"name":"","art":619990,"power":0,"type":4}},{"time":{"cool":0,"invisible":4},"effect":{"remove":0,"invisible":0,"create":0},"action":{"ai_pattern":{"sight_radius":2000,"movement":0,"cognition":0,"destination":"0,0"},"stat":{"height":1,"speed":0,"width":1,"type":0,"y":10,"x":112}},"info":{"id":120002,"rate":0,"emblem":0,"fleet_id":0,"mission":0,"invisible":100,"event":0,"object_id":1,"name":"","art":120002,"power":0,"type":3}},{"time":{"cool":0,"invisible":4},"effect":{"remove":0,"invisible":0,"create":0},"action":{"ai_pattern":{"sight_radius":0,"movement":0,"cognition":0,"destination":"0,0"},"stat":{"height":1,"speed":0,"width":1,"type":2,"y":52,"x":24}},"info":{"id":619990,"rate":0,"emblem":0,"fleet_id":120003,"mission":0,"invisible":100,"event":0,"object_id":18,"name":"","art":619990,"power":0,"type":4}},{"time":{"cool":0,"invisible":30},"effect":{"remove":2,"invisible":1,"create":1},"action":{"ai_pattern":{"sight_radius":0,"movement":1,"cognition":0,"destination":"0,0"},"stat":{"height":33,"speed":150,"width":53,"type":0,"y":41,"x":44}},"info":{"id":532006,"rate":4,"emblem":119001,"fleet_id":330014,"mission":0,"invisible":100,"event":550301,"object_id":23,"name":"","art":532006,"power":4224,"type":1}},{"time":{"cool":0,"invisible":30},"effect":{"remove":2,"invisible":1,"create":1},"action":{"ai_pattern":{"sight_radius":0,"movement":1,"cognition":0,"destination":"0,0"},"stat":{"height":47,"speed":110,"width":34,"type":0,"y":27,"x":82}},"info":{"id":532008,"rate":5,"emblem":119001,"fleet_id":345012,"mission":0,"invisible":100,"event":550302,"object_id":22,"name":"","art":532008,"power":7938,"type":1}},{"time":{"cool":0,"invisible":30},"effect":{"remove":0,"invisible":1,"create":1},"action":{"ai_pattern":{"sight_radius":0,"movement":0,"cognition":0,"destination":"0,0"},"stat":{"height":40,"speed":0,"width":52,"type":0,"y":24,"x":64}},"info":{"id":530004,"rate":0,"emblem":0,"fleet_id":0,"mission":0,"invisible":100,"event":550064,"object_id":110,"name":"","art":530004,"power":0,"type":0}},{"time":{"cool":0,"invisible":4},"effect":{"remove":0,"invisible":0,"create":0},"action":{"ai_pattern":{"sight_radius":0,"movement":0,"cognition":0,"destination":"0,0"},"stat":{"height":46,"speed":0,"width":55,"type":0,"y":21,"x":58}},"info":{"id":530008,"rate":0,"emblem":0,"fleet_id":550358,"mission":0,"invisible":100,"event":550358,"object_id":8,"name":"","art":530008,"power":0,"type":0}},{"time":{"cool":0,"invisible":4},"effect":{"remove":0,"invisible":0,"create":0},"action":{"ai_pattern":{"sight_radius":0,"movement":0,"cognition":0,"destination":"0,0"},"stat":{"height":46,"speed":0,"width":57,"type":0,"y":23,"x":57}},"info":{"id":530002,"rate":0,"emblem":0,"fleet_id":550354,"mission":0,"invisible":100,"event":550354,"object_id":9,"name":"","art":530002,"power":0,"type":0}},{"time":{"cool":0,"invisible":30},"effect":{"remove":0,"invisible":1,"create":1},"action":{"ai_pattern":{"sight_radius":0,"movement":0,"cognition":0,"destination":"0,0"},"stat":{"height":36,"speed":0,"width":44,"type":0,"y":19,"x":59}},"info":{"id":530004,"rate":0,"emblem":0,"fleet_id":0,"mission":0,"invisible":100,"event":550064,"object_id":109,"name":"","art":530004,"power":0,"type":0}},{"time":{"cool":0,"invisible":30},"effect":{"remove":2,"invisible":1,"create":1},"action":{"ai_pattern":{"sight_radius":0,"movement":1,"cognition":0,"destination":"0,0"},"stat":{"height":21,"speed":140,"width":83,"type":0,"y":37,"x":43}},"info":{"id":532013,"rate":0,"emblem":119001,"fleet_id":330007,"mission":0,"invisible":100,"event":550301,"object_id":104,"name":"","art":532013,"power":360,"type":1}},{"time":{"cool":0,"invisible":4},"effect":{"remove":0,"invisible":0,"create":0},"action":{"ai_pattern":{"sight_radius":0,"movement":0,"cognition":0,"destination":"0,0"},"stat":{"height":1,"speed":0,"width":1,"type":2,"y":39,"x":23}},"info":{"id":619990,"rate":0,"emblem":0,"fleet_id":120003,"mission":0,"invisible":100,"event":0,"object_id":14,"name":"","art":619990,"power":0,"type":4}},{"time":{"cool":0,"invisible":4},"effect":{"remove":0,"invisible":0,"create":0},"action":{"ai_pattern":{"sight_radius":0,"movement":0,"cognition":0,"destination":"0,0"},"stat":{"height":1,"speed":0,"width":1,"type":2,"y":28,"x":35}},"info":{"id":619990,"rate":0,"emblem":0,"fleet_id":120003,"mission":0,"invisible":100,"event":0,"object_id":15,"name":"","art":619990,"power":0,"type":4}}]}
[2013.06.28 21:22:35 (CommandFactory.java:79) ERROR] - cannot find commander binder, cmd:1315
[2013.06.28 21:22:35 (CommandFactory.java:79) ERROR] - cannot find commander binder, cmd:1313
[2013.06.28 21:22:35 (CommandFactory.java:79) ERROR] - cannot find commander binder, cmd:1314
[2013.06.28 21:22:35 (CommandFactory.java:79) ERROR] - cannot find commander binder, cmd:1812
[2013.06.28 21:22:35 (S_UPDATE_COMMANDER.java:17) INFO] - update energy, data:{"action_n":"login_regen","next_tick":1372323120194,"res":1,"action":2,"energy":39}
[2013.06.28 21:22:35 (CommandFactory.java:79) ERROR] - cannot find commander binder, cmd:1355
[2013.06.28 21:22:35 (CommandFactory.java:79) ERROR] - cannot find commander binder, cmd:1623
