[2014.05.03 21:04:43 (Server.java:30) INFO] - 服务器启动完毕.....
[2014.05.03 21:07:07 (Server.java:30) INFO] - 服务器启动完毕.....
[2014.05.03 21:07:21 (LoginFrame.java:58) DEBUG] - userName:trnnn, password:123456
[2014.05.03 21:07:21 (Server.java:52) DEBUG] - Login::: userName:trnnn, password:123456
[2014.05.03 21:11:34 (Server.java:30) INFO] - 服务器启动完毕.....
[2014.05.03 21:11:42 (LoginFrame.java:58) DEBUG] - userName:trnnn, password:123456
[2014.05.03 21:11:42 (Server.java:52) DEBUG] - Login::: userName:trnnn, password:123456
[2014.05.03 21:11:42 (Client.java:42) DEBUG] - S_LOGIN, result:1
[2014.05.03 21:35:52 (Database.java:23) INFO] - 数据库连接成功....
[2014.05.03 21:35:52 (Server.java:34) INFO] - 服务器启动完毕.....
[2014.05.03 21:37:32 (Database.java:23) INFO] - 数据库连接成功....
[2014.05.03 21:37:32 (Server.java:34) INFO] - 服务器启动完毕.....
[2014.05.03 21:37:42 (LoginFrame.java:58) DEBUG] - userName:trnnn, password:123455
[2014.05.03 21:37:42 (Server.java:56) DEBUG] - Login::: userName:trnnn, password:123455
[2014.05.03 21:37:42 (Client.java:42) DEBUG] - S_LOGIN, result:2
[2014.05.03 21:37:49 (LoginFrame.java:58) DEBUG] - userName:trnnn, password:123456
[2014.05.03 21:37:49 (Server.java:56) DEBUG] - Login::: userName:trnnn, password:123456
[2014.05.03 21:37:49 (Client.java:42) DEBUG] - S_LOGIN, result:1
[2014.05.03 21:43:41 (Database.java:23) INFO] - 数据库连接成功....
[2014.05.03 21:43:41 (Server.java:34) INFO] - 服务器启动完毕.....
